E:\MODELS\WATERYIELD_DLL20130915 FOR GDW\WATERYIELD\DEBUG\WATERYIELD.PCH
E:\MODELS\WATERYIELD_DLL20130915 FOR GDW\WATERYIELD\DEBUG\STDAFX.OBJ
E:\MODELS\WATERYIELD_DLL20130915 FOR GDW\WATERYIELD\DEBUG\VC110.PDB
E:\MODELS\WATERYIELD_DLL20130915 FOR GDW\WATERYIELD\DEBUG\YULIANGCMORPH.OBJ
E:\MODELS\WATERYIELD_DLL20130915 FOR GDW\WATERYIELD\DEBUG\YULIANGCHBG.OBJ
E:\MODELS\WATERYIELD_DLL20130915 FOR GDW\WATERYIELD\DEBUG\YULIANG.OBJ
E:\MODELS\WATERYIELD_DLL20130915 FOR GDW\WATERYIELD\DEBUG\WATERYIELD.OBJ
E:\MODELS\WATERYIELD_DLL20130915 FOR GDW\WATERYIELD\DEBUG\WATERBASIN.OBJ
E:\MODELS\WATERYIELD_DLL20130915 FOR GDW\WATERYIELD\DEBUG\VAPOTRANSPIRATION.OBJ
E:\MODELS\WATERYIELD_DLL20130915 FOR GDW\WATERYIELD\DEBUG\SURFACEWATERA.OBJ
E:\MODELS\WATERYIELD_DLL20130915 FOR GDW\WATERYIELD\DEBUG\SAVESTATUS.OBJ
E:\MODELS\WATERYIELD_DLL20130915 FOR GDW\WATERYIELD\DEBUG\MPARAMETERS.OBJ
E:\MODELS\WATERYIELD_DLL20130915 FOR GDW\WATERYIELD\DEBUG\MIDSOIL.OBJ
E:\MODELS\WATERYIELD_DLL20130915 FOR GDW\WATERYIELD\DEBUG\LEAF.OBJ
E:\MODELS\WATERYIELD_DLL20130915 FOR GDW\WATERYIELD\DEBUG\DEEPSOIL.OBJ
E:\MODELS\WATERYIELD_DLL20130915 FOR GDW\WATERYIELD\DEBUG\CWATERYIELD.OBJ
E:\MODELS\WATERYIELD_DLL20130915 FOR GDW\WATERYIELD\DEBUG\COORTRANS.OBJ
E:\MODELS\WATERYIELD_DLL20130915 FOR GDW\WATERYIELD\DEBUG\SOILWATER.OBJ
E:\MODELS\WATERYIELD_DLL20130915 FOR GDW\WATERYIELD\DEBUG\WATERYIELD_I.OBJ
E:\MODELS\WATERYIELD_DLL20130915 FOR GDW\WATERYIELD\DEBUG\WATERYIELD.ILK
E:\MODELS\WATERYIELD_DLL20130915 FOR GDW\WATERYIELD\DEBUG\WATERYIELD.DLL
E:\MODELS\WATERYIELD_DLL20130915 FOR GDW\WATERYIELD\DEBUG\WATERYIELD.PDB
E:\MODELS\WATERYIELD_DLL20130915 FOR GDW\WATERYIELD\DEBUG\WATERYIELD.TLB
E:\MODELS\WATERYIELD_DLL20130915 FOR GDW\WATERYIELD\WATERYIELD_P.C
E:\MODELS\WATERYIELD_DLL20130915 FOR GDW\WATERYIELD\WATERYIELD_I.C
E:\MODELS\WATERYIELD_DLL20130915 FOR GDW\WATERYIELD\WATERYIELD.H
E:\MODELS\WATERYIELD_DLL20130915 FOR GDW\WATERYIELD\DEBUG\WATERYIELD.RES
E:\models\WaterYield_dll20130915 for GDW\WaterYield\Debug\WaterYield.lib
E:\models\WaterYield_dll20130915 for GDW\WaterYield\Debug\WaterYield.exp
E:\models\WaterYield_dll20130915 for GDW\WaterYield\Debug\CoorTrans.obj
E:\models\WaterYield_dll20130915 for GDW\WaterYield\Debug\CWaterYield.obj
E:\models\WaterYield_dll20130915 for GDW\WaterYield\Debug\DeepSoil.obj
E:\models\WaterYield_dll20130915 for GDW\WaterYield\Debug\Leaf.obj
E:\models\WaterYield_dll20130915 for GDW\WaterYield\Debug\MidSoil.obj
E:\models\WaterYield_dll20130915 for GDW\WaterYield\Debug\MParameters.obj
E:\models\WaterYield_dll20130915 for GDW\WaterYield\Debug\SaveStatus.obj
E:\models\WaterYield_dll20130915 for GDW\WaterYield\Debug\SoilWater.obj
E:\models\WaterYield_dll20130915 for GDW\WaterYield\Debug\stdafx.obj
E:\models\WaterYield_dll20130915 for GDW\WaterYield\Debug\SurfaceWaterA.obj
E:\models\WaterYield_dll20130915 for GDW\WaterYield\Debug\vapotranspiration.obj
E:\models\WaterYield_dll20130915 for GDW\WaterYield\Debug\WaterBasin.obj
E:\models\WaterYield_dll20130915 for GDW\WaterYield\Debug\WaterYield.obj
E:\models\WaterYield_dll20130915 for GDW\WaterYield\Debug\WaterYield_i.obj
E:\models\WaterYield_dll20130915 for GDW\WaterYield\Debug\yuliang.obj
E:\models\WaterYield_dll20130915 for GDW\WaterYield\Debug\YuLiangChBG.obj
E:\models\WaterYield_dll20130915 for GDW\WaterYield\Debug\YuLiangCMORPH.obj
E:\models\WaterYield_dll20130915 for GDW\WaterYield\Debug\WaterYield.ilk
E:\models\WaterYield_dll20130915 for GDW\WaterYield\Debug\WaterYield.tlb
E:\models\WaterYield_dll20130915 for GDW\WaterYield\Debug\msado28.tli
E:\models\WaterYield_dll20130915 for GDW\WaterYield\Debug\msado28.tlh
E:\models\WaterYield_dll20130915 for GDW\WaterYield\Debug\cl.command.1.tlog
E:\models\WaterYield_dll20130915 for GDW\WaterYield\Debug\CL.read.1.tlog
E:\models\WaterYield_dll20130915 for GDW\WaterYield\Debug\CL.write.1.tlog
E:\models\WaterYield_dll20130915 for GDW\WaterYield\Debug\link-cvtres.read.1.tlog
E:\models\WaterYield_dll20130915 for GDW\WaterYield\Debug\link-cvtres.write.1.tlog
E:\models\WaterYield_dll20130915 for GDW\WaterYield\Debug\link-mt.read.1.tlog
E:\models\WaterYield_dll20130915 for GDW\WaterYield\Debug\link-mt.write.1.tlog
E:\models\WaterYield_dll20130915 for GDW\WaterYield\Debug\link-rc.read.1.tlog
E:\models\WaterYield_dll20130915 for GDW\WaterYield\Debug\link-rc.write.1.tlog
E:\models\WaterYield_dll20130915 for GDW\WaterYield\Debug\link.command.1.tlog
E:\models\WaterYield_dll20130915 for GDW\WaterYield\Debug\link.read.1.tlog
E:\models\WaterYield_dll20130915 for GDW\WaterYield\Debug\link.write.1.tlog
E:\models\WaterYield_dll20130915 for GDW\WaterYield\Debug\midl-midlc-cl.read.1.tlog
E:\models\WaterYield_dll20130915 for GDW\WaterYield\Debug\midl-midlc.read.1.tlog
E:\models\WaterYield_dll20130915 for GDW\WaterYield\Debug\midl-midlc.write.1.tlog
E:\models\WaterYield_dll20130915 for GDW\WaterYield\Debug\midl.command.1.tlog
E:\models\WaterYield_dll20130915 for GDW\WaterYield\Debug\midl.read.1.tlog
E:\models\WaterYield_dll20130915 for GDW\WaterYield\Debug\midl.write.1.tlog
E:\models\WaterYield_dll20130915 for GDW\WaterYield\Debug\rc.command.1.tlog
E:\models\WaterYield_dll20130915 for GDW\WaterYield\Debug\rc.read.1.tlog
E:\models\WaterYield_dll20130915 for GDW\WaterYield\Debug\rc.write.1.tlog
E:\models\WaterYield_dll20130915 for GDW\WaterYield\Debug\WaterYield.write.1.tlog
E:\models\WaterYield_dll20130915 for GDW\WaterYield\Debug\WaterYield.res
E:\models\WaterYield_dll20130915 for GDW\WaterYield\Debug\WaterYield.pch
E:\models\WaterYield_dll20130915 for GDW\WaterYield\Debug\vc110.pdb
E:\models\WaterYield_dll20130915 for GDW\WaterYield\Debug\WaterYield.pdb
E:\models\WaterYield_dll20130915 for GDW\WaterYield\Debug\WaterYield.dll
