E:\GUODAWEI\CHABAGOU\MODELS\_HSP_NEWROUTING_FOR NEW RNW FOR GDW\RELEASE\YULIANGCMORPH.OBJ
E:\GUODAWEI\CHABAGOU\MODELS\_HSP_NEWROUTING_FOR NEW RNW FOR GDW\RELEASE\TRANSFERPROCESS.OBJ
E:\GUODAWEI\CHABAGOU\MODELS\_HSP_NEWROUTING_FOR NEW RNW FOR GDW\RELEASE\MASTERPROCESS.OBJ
E:\GUODAWEI\CHABAGOU\MODELS\_HSP_NEWROUTING_FOR NEW RNW FOR GDW\RELEASE\COMMENPROCESS.OBJ
E:\GUODAWEI\CHABAGOU\MODELS\_HSP_NEWROUTING_FOR NEW RNW FOR GDW\RELEASE\YULIANGCHBG.OBJ
E:\GUODAWEI\CHABAGOU\MODELS\_HSP_NEWROUTING_FOR NEW RNW FOR GDW\RELEASE\YULIANG.OBJ
E:\GUODAWEI\CHABAGOU\MODELS\_HSP_NEWROUTING_FOR NEW RNW FOR GDW\RELEASE\FUNCTIONS.OBJ
E:\GUODAWEI\CHABAGOU\MODELS\_HSP_NEWROUTING_FOR NEW RNW FOR GDW\RELEASE\CPUUSAGECOUNT.OBJ
E:\GUODAWEI\CHABAGOU\MODELS\_HSP_NEWROUTING_FOR NEW RNW FOR GDW\RELEASE\COORTRANS.OBJ
E:\GUODAWEI\CHABAGOU\MODELS\_HSP_NEWROUTING_FOR NEW RNW FOR GDW\RELEASE\WATERINROCKSNOW.OBJ
E:\GUODAWEI\CHABAGOU\MODELS\_HSP_NEWROUTING_FOR NEW RNW FOR GDW\RELEASE\WATERINCHANNEL.OBJ
E:\GUODAWEI\CHABAGOU\MODELS\_HSP_NEWROUTING_FOR NEW RNW FOR GDW\RELEASE\WATERBELOWCHANNEL.OBJ
E:\GUODAWEI\CHABAGOU\MODELS\_HSP_NEWROUTING_FOR NEW RNW FOR GDW\RELEASE\SLAVEPROCESS.OBJ
E:\GUODAWEI\CHABAGOU\MODELS\_HSP_NEWROUTING_FOR NEW RNW FOR GDW\RELEASE\SAVESTATUS.OBJ
E:\GUODAWEI\CHABAGOU\MODELS\_HSP_NEWROUTING_FOR NEW RNW FOR GDW\RELEASE\HIGHSLOPERUNOFF.OBJ
E:\GUODAWEI\CHABAGOU\MODELS\_HSP_NEWROUTING_FOR NEW RNW FOR GDW\RELEASE\FVMUNIT.OBJ
E:\GUODAWEI\CHABAGOU\MODELS\_HSP_NEWROUTING_FOR NEW RNW FOR GDW\RELEASE\AVPM.OBJ
E:\GUODAWEI\CHABAGOU\MODELS\_HSP_NEWROUTING_FOR NEW RNW FOR GDW\RELEASE\VC110.PDB
E:\GUODAWEI\CHABAGOU\MODELS\_HSP_NEWROUTING_FOR NEW RNW FOR GDW\RELEASE\TREELIST.OBJ
E:\GUODAWEI\CHABAGOU\MODELS\_HSP_NEWROUTING_FOR NEW RNW FOR GDW\RELEASE\MAIN.OBJ
E:\GUODAWEI\CHABAGOU\MODELS\_HSP_NEWROUTING_FOR NEW RNW FOR GDW\RELEASE\DATASTRUCT.OBJ
E:\GUODAWEI\CHABAGOU\MODELS\_HSP_NEWROUTING_FOR NEW RNW FOR GDW\RELEASE\NEWROUTING.EXE
E:\GuoDawei\CHABAGOU\models\_hsp_NewRouting_for new RNW for GDW\Release\AVPM.obj
E:\GuoDawei\CHABAGOU\models\_hsp_NewRouting_for new RNW for GDW\Release\CommenProcess.obj
E:\GuoDawei\CHABAGOU\models\_hsp_NewRouting_for new RNW for GDW\Release\CoorTrans.obj
E:\GuoDawei\CHABAGOU\models\_hsp_NewRouting_for new RNW for GDW\Release\CpuUsageCount.obj
E:\GuoDawei\CHABAGOU\models\_hsp_NewRouting_for new RNW for GDW\Release\DataStruct.obj
E:\GuoDawei\CHABAGOU\models\_hsp_NewRouting_for new RNW for GDW\Release\functions.obj
E:\GuoDawei\CHABAGOU\models\_hsp_NewRouting_for new RNW for GDW\Release\FVMunit.obj
E:\GuoDawei\CHABAGOU\models\_hsp_NewRouting_for new RNW for GDW\Release\HighSlopeRunoff.obj
E:\GuoDawei\CHABAGOU\models\_hsp_NewRouting_for new RNW for GDW\Release\main.obj
E:\GuoDawei\CHABAGOU\models\_hsp_NewRouting_for new RNW for GDW\Release\MasterProcess.obj
E:\GuoDawei\CHABAGOU\models\_hsp_NewRouting_for new RNW for GDW\Release\Savestatus.obj
E:\GuoDawei\CHABAGOU\models\_hsp_NewRouting_for new RNW for GDW\Release\SlaveProcess.obj
E:\GuoDawei\CHABAGOU\models\_hsp_NewRouting_for new RNW for GDW\Release\TransferProcess.obj
E:\GuoDawei\CHABAGOU\models\_hsp_NewRouting_for new RNW for GDW\Release\TreeList.obj
E:\GuoDawei\CHABAGOU\models\_hsp_NewRouting_for new RNW for GDW\Release\WaterBelowChannel.obj
E:\GuoDawei\CHABAGOU\models\_hsp_NewRouting_for new RNW for GDW\Release\WaterInChannel.obj
E:\GuoDawei\CHABAGOU\models\_hsp_NewRouting_for new RNW for GDW\Release\WaterInRockSnow.obj
E:\GuoDawei\CHABAGOU\models\_hsp_NewRouting_for new RNW for GDW\Release\yuliang.obj
E:\GuoDawei\CHABAGOU\models\_hsp_NewRouting_for new RNW for GDW\Release\YuLiangChBG.obj
E:\GuoDawei\CHABAGOU\models\_hsp_NewRouting_for new RNW for GDW\Release\YuLiangCMORPH.obj
E:\GuoDawei\CHABAGOU\models\_hsp_NewRouting_for new RNW for GDW\Release\msado15.tli
E:\GuoDawei\CHABAGOU\models\_hsp_NewRouting_for new RNW for GDW\Release\msado15.tlh
E:\GuoDawei\CHABAGOU\models\_hsp_NewRouting_for new RNW for GDW\Release\cl.command.1.tlog
E:\GuoDawei\CHABAGOU\models\_hsp_NewRouting_for new RNW for GDW\Release\CL.read.1.tlog
E:\GuoDawei\CHABAGOU\models\_hsp_NewRouting_for new RNW for GDW\Release\CL.write.1.tlog
E:\GuoDawei\CHABAGOU\models\_hsp_NewRouting_for new RNW for GDW\Release\link-cvtres.read.1.tlog
E:\GuoDawei\CHABAGOU\models\_hsp_NewRouting_for new RNW for GDW\Release\link-cvtres.write.1.tlog
E:\GuoDawei\CHABAGOU\models\_hsp_NewRouting_for new RNW for GDW\Release\link-mt.read.1.tlog
E:\GuoDawei\CHABAGOU\models\_hsp_NewRouting_for new RNW for GDW\Release\link-mt.write.1.tlog
E:\GuoDawei\CHABAGOU\models\_hsp_NewRouting_for new RNW for GDW\Release\link-rc.read.1.tlog
E:\GuoDawei\CHABAGOU\models\_hsp_NewRouting_for new RNW for GDW\Release\link-rc.write.1.tlog
E:\GuoDawei\CHABAGOU\models\_hsp_NewRouting_for new RNW for GDW\Release\link.command.1.tlog
E:\GuoDawei\CHABAGOU\models\_hsp_NewRouting_for new RNW for GDW\Release\link.read.1.tlog
E:\GuoDawei\CHABAGOU\models\_hsp_NewRouting_for new RNW for GDW\Release\link.write.1.tlog
E:\GuoDawei\CHABAGOU\models\_hsp_NewRouting_for new RNW for GDW\Release\vc110.pdb
E:\GuoDawei\CHABAGOU\models\_hsp_NewRouting_for new RNW for GDW\.\Release\NewRouting.exe
