E:\MODELS\DYRIM_RAW\_HSP_NEWROUTING_FOR NEW RNW FOR GDW\DEBUG\YULIANGCMORPH.OBJ
E:\MODELS\DYRIM_RAW\_HSP_NEWROUTING_FOR NEW RNW FOR GDW\DEBUG\TRANSFERPROCESS.OBJ
E:\MODELS\DYRIM_RAW\_HSP_NEWROUTING_FOR NEW RNW FOR GDW\DEBUG\SLAVEPROCESS.OBJ
E:\MODELS\DYRIM_RAW\_HSP_NEWROUTING_FOR NEW RNW FOR GDW\DEBUG\MASTERPROCESS.OBJ
E:\MODELS\DYRIM_RAW\_HSP_NEWROUTING_FOR NEW RNW FOR GDW\DEBUG\COMMENPROCESS.OBJ
E:\MODELS\DYRIM_RAW\_HSP_NEWROUTING_FOR NEW RNW FOR GDW\DEBUG\YULIANGCHBG.OBJ
E:\MODELS\DYRIM_RAW\_HSP_NEWROUTING_FOR NEW RNW FOR GDW\DEBUG\YULIANG.OBJ
E:\MODELS\DYRIM_RAW\_HSP_NEWROUTING_FOR NEW RNW FOR GDW\DEBUG\FUNCTIONS.OBJ
E:\MODELS\DYRIM_RAW\_HSP_NEWROUTING_FOR NEW RNW FOR GDW\DEBUG\CPUUSAGECOUNT.OBJ
E:\MODELS\DYRIM_RAW\_HSP_NEWROUTING_FOR NEW RNW FOR GDW\DEBUG\COORTRANS.OBJ
E:\MODELS\DYRIM_RAW\_HSP_NEWROUTING_FOR NEW RNW FOR GDW\DEBUG\WATERINROCKSNOW.OBJ
E:\MODELS\DYRIM_RAW\_HSP_NEWROUTING_FOR NEW RNW FOR GDW\DEBUG\WATERINCHANNEL.OBJ
E:\MODELS\DYRIM_RAW\_HSP_NEWROUTING_FOR NEW RNW FOR GDW\DEBUG\WATERBELOWCHANNEL.OBJ
E:\MODELS\DYRIM_RAW\_HSP_NEWROUTING_FOR NEW RNW FOR GDW\DEBUG\SAVESTATUS.OBJ
E:\MODELS\DYRIM_RAW\_HSP_NEWROUTING_FOR NEW RNW FOR GDW\DEBUG\HIGHSLOPERUNOFF.OBJ
E:\MODELS\DYRIM_RAW\_HSP_NEWROUTING_FOR NEW RNW FOR GDW\DEBUG\FVMUNIT.OBJ
E:\MODELS\DYRIM_RAW\_HSP_NEWROUTING_FOR NEW RNW FOR GDW\DEBUG\AVPM.OBJ
E:\MODELS\DYRIM_RAW\_HSP_NEWROUTING_FOR NEW RNW FOR GDW\DEBUG\VC110.PDB
E:\MODELS\DYRIM_RAW\_HSP_NEWROUTING_FOR NEW RNW FOR GDW\DEBUG\TREELIST.OBJ
E:\MODELS\DYRIM_RAW\_HSP_NEWROUTING_FOR NEW RNW FOR GDW\DEBUG\MAIN.OBJ
E:\MODELS\DYRIM_RAW\_HSP_NEWROUTING_FOR NEW RNW FOR GDW\DEBUG\DATASTRUCT.OBJ
E:\MODELS\DYRIM_RAW\_HSP_NEWROUTING_FOR NEW RNW FOR GDW\X64\DEBUG\NEWROUTING.EXE
E:\MODELS\DYRIM_RAW\_HSP_NEWROUTING_FOR NEW RNW FOR GDW\DEBUG\NEWROUTING.PDB
E:\models\DYRIM_raw\_hsp_NewRouting_for new RNW for GDW\x64\Debug\cl.command.1.tlog
E:\models\DYRIM_raw\_hsp_NewRouting_for new RNW for GDW\x64\Debug\CL.read.1.tlog
E:\models\DYRIM_raw\_hsp_NewRouting_for new RNW for GDW\x64\Debug\CL.write.1.tlog
E:\models\DYRIM_raw\_hsp_NewRouting_for new RNW for GDW\x64\Debug\link-cvtres.read.1.tlog
E:\models\DYRIM_raw\_hsp_NewRouting_for new RNW for GDW\x64\Debug\link-cvtres.write.1.tlog
E:\models\DYRIM_raw\_hsp_NewRouting_for new RNW for GDW\x64\Debug\link-mt.read.1.tlog
E:\models\DYRIM_raw\_hsp_NewRouting_for new RNW for GDW\x64\Debug\link-mt.write.1.tlog
E:\models\DYRIM_raw\_hsp_NewRouting_for new RNW for GDW\x64\Debug\link-rc.read.1.tlog
E:\models\DYRIM_raw\_hsp_NewRouting_for new RNW for GDW\x64\Debug\link-rc.write.1.tlog
E:\models\DYRIM_raw\_hsp_NewRouting_for new RNW for GDW\x64\Debug\link.command.1.tlog
E:\models\DYRIM_raw\_hsp_NewRouting_for new RNW for GDW\x64\Debug\link.read.1.tlog
E:\models\DYRIM_raw\_hsp_NewRouting_for new RNW for GDW\x64\Debug\link.write.1.tlog
E:\models\DYRIM_raw\_hsp_NewRouting_for new RNW for GDW\x64\Debug\NewRouting.exe
