  AVPM.cpp
  FVMunit.cpp
  HighSlopeRunoff.cpp
  Savestatus.cpp
  WaterBelowChannel.cpp
  WaterInChannel.cpp
  WaterInRockSnow.cpp
  CoorTrans.cpp
  CpuUsageCount.cpp
  functions.cpp
  yuliang.cpp
  YuLiangChBG.cpp
  CommenProcess.cpp
  MasterProcess.cpp
  SlaveProcess.cpp
  Change your target platform to Windows 7 or below if your application requires backward compatibility for the ADO interface.
  TransferProcess.cpp
  YuLiangCMORPH.cpp
  正在生成代码...
  DataStruct.cpp
  main.cpp
  TreeList.cpp
  正在生成代码...
  NewRouting.vcxproj -> E:\models\_hsp_NewRouting_for new RNW for GDW\x64\Debug\NewRouting.exe
