E:\GUODAWEI\CHABAGOU\MODELS\WATERYIELD_DLL20130915 FOR GDW\WATERYIELD\RELEASE\WATERYIELD.PCH
E:\GUODAWEI\CHABAGOU\MODELS\WATERYIELD_DLL20130915 FOR GDW\WATERYIELD\RELEASE\STDAFX.OBJ
E:\GUODAWEI\CHABAGOU\MODELS\WATERYIELD_DLL20130915 FOR GDW\WATERYIELD\RELEASE\VC110.PDB
E:\GUODAWEI\CHABAGOU\MODELS\WATERYIELD_DLL20130915 FOR GDW\WATERYIELD\RELEASE\YULIANGCMORPH.OBJ
E:\GUODAWEI\CHABAGOU\MODELS\WATERYIELD_DLL20130915 FOR GDW\WATERYIELD\RELEASE\YULIANGCHBG.OBJ
E:\GUODAWEI\CHABAGOU\MODELS\WATERYIELD_DLL20130915 FOR GDW\WATERYIELD\RELEASE\YULIANG.OBJ
E:\GUODAWEI\CHABAGOU\MODELS\WATERYIELD_DLL20130915 FOR GDW\WATERYIELD\RELEASE\WATERYIELD.OBJ
E:\GUODAWEI\CHABAGOU\MODELS\WATERYIELD_DLL20130915 FOR GDW\WATERYIELD\RELEASE\WATERBASIN.OBJ
E:\GUODAWEI\CHABAGOU\MODELS\WATERYIELD_DLL20130915 FOR GDW\WATERYIELD\RELEASE\VAPOTRANSPIRATION.OBJ
E:\GUODAWEI\CHABAGOU\MODELS\WATERYIELD_DLL20130915 FOR GDW\WATERYIELD\RELEASE\SURFACEWATERA.OBJ
E:\GUODAWEI\CHABAGOU\MODELS\WATERYIELD_DLL20130915 FOR GDW\WATERYIELD\RELEASE\SOILWATER.OBJ
E:\GUODAWEI\CHABAGOU\MODELS\WATERYIELD_DLL20130915 FOR GDW\WATERYIELD\RELEASE\SAVESTATUS.OBJ
E:\GUODAWEI\CHABAGOU\MODELS\WATERYIELD_DLL20130915 FOR GDW\WATERYIELD\RELEASE\MPARAMETERS.OBJ
E:\GUODAWEI\CHABAGOU\MODELS\WATERYIELD_DLL20130915 FOR GDW\WATERYIELD\RELEASE\MIDSOIL.OBJ
E:\GUODAWEI\CHABAGOU\MODELS\WATERYIELD_DLL20130915 FOR GDW\WATERYIELD\RELEASE\LEAF.OBJ
E:\GUODAWEI\CHABAGOU\MODELS\WATERYIELD_DLL20130915 FOR GDW\WATERYIELD\RELEASE\DEEPSOIL.OBJ
E:\GUODAWEI\CHABAGOU\MODELS\WATERYIELD_DLL20130915 FOR GDW\WATERYIELD\RELEASE\CWATERYIELD.OBJ
E:\GUODAWEI\CHABAGOU\MODELS\WATERYIELD_DLL20130915 FOR GDW\WATERYIELD\RELEASE\COORTRANS.OBJ
E:\GUODAWEI\CHABAGOU\MODELS\WATERYIELD_DLL20130915 FOR GDW\WATERYIELD\RELEASE\WATERYIELD_I.OBJ
E:\GUODAWEI\CHABAGOU\MODELS\WATERYIELD_DLL20130915 FOR GDW\WATERYIELD\RELEASE\WATERYIELD.DLL
E:\GUODAWEI\CHABAGOU\MODELS\WATERYIELD_DLL20130915 FOR GDW\WATERYIELD\RELEASE\WATERYIELD.PDB
E:\GUODAWEI\CHABAGOU\MODELS\WATERYIELD_DLL20130915 FOR GDW\WATERYIELD\RELEASE\WATERYIELD.TLB
E:\GUODAWEI\CHABAGOU\MODELS\WATERYIELD_DLL20130915 FOR GDW\WATERYIELD\WATERYIELD_P.C
E:\GUODAWEI\CHABAGOU\MODELS\WATERYIELD_DLL20130915 FOR GDW\WATERYIELD\WATERYIELD_I.C
E:\GUODAWEI\CHABAGOU\MODELS\WATERYIELD_DLL20130915 FOR GDW\WATERYIELD\WATERYIELD.H
E:\GUODAWEI\CHABAGOU\MODELS\WATERYIELD_DLL20130915 FOR GDW\WATERYIELD\RELEASE\WATERYIELD.RES
E:\GuoDawei\CHABAGOU\models\WaterYield_dll20130915 for GDW\WaterYield\Release\WaterYield.lib
E:\GuoDawei\CHABAGOU\models\WaterYield_dll20130915 for GDW\WaterYield\Release\WaterYield.exp
E:\GuoDawei\CHABAGOU\models\WaterYield_dll20130915 for GDW\WaterYield\Release\CoorTrans.obj
E:\GuoDawei\CHABAGOU\models\WaterYield_dll20130915 for GDW\WaterYield\Release\CWaterYield.obj
E:\GuoDawei\CHABAGOU\models\WaterYield_dll20130915 for GDW\WaterYield\Release\DeepSoil.obj
E:\GuoDawei\CHABAGOU\models\WaterYield_dll20130915 for GDW\WaterYield\Release\Leaf.obj
E:\GuoDawei\CHABAGOU\models\WaterYield_dll20130915 for GDW\WaterYield\Release\MidSoil.obj
E:\GuoDawei\CHABAGOU\models\WaterYield_dll20130915 for GDW\WaterYield\Release\MParameters.obj
E:\GuoDawei\CHABAGOU\models\WaterYield_dll20130915 for GDW\WaterYield\Release\SaveStatus.obj
E:\GuoDawei\CHABAGOU\models\WaterYield_dll20130915 for GDW\WaterYield\Release\SoilWater.obj
E:\GuoDawei\CHABAGOU\models\WaterYield_dll20130915 for GDW\WaterYield\Release\stdafx.obj
E:\GuoDawei\CHABAGOU\models\WaterYield_dll20130915 for GDW\WaterYield\Release\SurfaceWaterA.obj
E:\GuoDawei\CHABAGOU\models\WaterYield_dll20130915 for GDW\WaterYield\Release\vapotranspiration.obj
E:\GuoDawei\CHABAGOU\models\WaterYield_dll20130915 for GDW\WaterYield\Release\WaterBasin.obj
E:\GuoDawei\CHABAGOU\models\WaterYield_dll20130915 for GDW\WaterYield\Release\WaterYield.obj
E:\GuoDawei\CHABAGOU\models\WaterYield_dll20130915 for GDW\WaterYield\Release\WaterYield_i.obj
E:\GuoDawei\CHABAGOU\models\WaterYield_dll20130915 for GDW\WaterYield\Release\yuliang.obj
E:\GuoDawei\CHABAGOU\models\WaterYield_dll20130915 for GDW\WaterYield\Release\YuLiangChBG.obj
E:\GuoDawei\CHABAGOU\models\WaterYield_dll20130915 for GDW\WaterYield\Release\YuLiangCMORPH.obj
E:\GuoDawei\CHABAGOU\models\WaterYield_dll20130915 for GDW\WaterYield\Release\WaterYield.tlb
E:\GuoDawei\CHABAGOU\models\WaterYield_dll20130915 for GDW\WaterYield\Release\msado28.tli
E:\GuoDawei\CHABAGOU\models\WaterYield_dll20130915 for GDW\WaterYield\Release\msado28.tlh
E:\GuoDawei\CHABAGOU\models\WaterYield_dll20130915 for GDW\WaterYield\Release\cl.command.1.tlog
E:\GuoDawei\CHABAGOU\models\WaterYield_dll20130915 for GDW\WaterYield\Release\CL.read.1.tlog
E:\GuoDawei\CHABAGOU\models\WaterYield_dll20130915 for GDW\WaterYield\Release\CL.write.1.tlog
E:\GuoDawei\CHABAGOU\models\WaterYield_dll20130915 for GDW\WaterYield\Release\link-cvtres.read.1.tlog
E:\GuoDawei\CHABAGOU\models\WaterYield_dll20130915 for GDW\WaterYield\Release\link-cvtres.write.1.tlog
E:\GuoDawei\CHABAGOU\models\WaterYield_dll20130915 for GDW\WaterYield\Release\link-mt.read.1.tlog
E:\GuoDawei\CHABAGOU\models\WaterYield_dll20130915 for GDW\WaterYield\Release\link-mt.write.1.tlog
E:\GuoDawei\CHABAGOU\models\WaterYield_dll20130915 for GDW\WaterYield\Release\link-rc.read.1.tlog
E:\GuoDawei\CHABAGOU\models\WaterYield_dll20130915 for GDW\WaterYield\Release\link-rc.write.1.tlog
E:\GuoDawei\CHABAGOU\models\WaterYield_dll20130915 for GDW\WaterYield\Release\link.command.1.tlog
E:\GuoDawei\CHABAGOU\models\WaterYield_dll20130915 for GDW\WaterYield\Release\link.read.1.tlog
E:\GuoDawei\CHABAGOU\models\WaterYield_dll20130915 for GDW\WaterYield\Release\link.write.1.tlog
E:\GuoDawei\CHABAGOU\models\WaterYield_dll20130915 for GDW\WaterYield\Release\midl-midlc-cl.read.1.tlog
E:\GuoDawei\CHABAGOU\models\WaterYield_dll20130915 for GDW\WaterYield\Release\midl-midlc.read.1.tlog
E:\GuoDawei\CHABAGOU\models\WaterYield_dll20130915 for GDW\WaterYield\Release\midl-midlc.write.1.tlog
E:\GuoDawei\CHABAGOU\models\WaterYield_dll20130915 for GDW\WaterYield\Release\midl.command.1.tlog
E:\GuoDawei\CHABAGOU\models\WaterYield_dll20130915 for GDW\WaterYield\Release\midl.read.1.tlog
E:\GuoDawei\CHABAGOU\models\WaterYield_dll20130915 for GDW\WaterYield\Release\midl.write.1.tlog
E:\GuoDawei\CHABAGOU\models\WaterYield_dll20130915 for GDW\WaterYield\Release\rc.command.1.tlog
E:\GuoDawei\CHABAGOU\models\WaterYield_dll20130915 for GDW\WaterYield\Release\rc.read.1.tlog
E:\GuoDawei\CHABAGOU\models\WaterYield_dll20130915 for GDW\WaterYield\Release\rc.write.1.tlog
E:\GuoDawei\CHABAGOU\models\WaterYield_dll20130915 for GDW\WaterYield\Release\WaterYield.write.1.tlog
E:\GuoDawei\CHABAGOU\models\WaterYield_dll20130915 for GDW\WaterYield\Release\WaterYield.res
E:\GuoDawei\CHABAGOU\models\WaterYield_dll20130915 for GDW\WaterYield\Release\WaterYield.pch
E:\GuoDawei\CHABAGOU\models\WaterYield_dll20130915 for GDW\WaterYield\Release\vc110.pdb
E:\GuoDawei\CHABAGOU\models\WaterYield_dll20130915 for GDW\WaterYield\Release\WaterYield.pdb
E:\GuoDawei\CHABAGOU\models\WaterYield_dll20130915 for GDW\WaterYield\Release\WaterYield.dll
