E:\MODELS\_HSP_NEWROUTING_FOR NEW RNW FOR GDW\DEBUG\YULIANGCMORPH.OBJ
E:\MODELS\_HSP_NEWROUTING_FOR NEW RNW FOR GDW\DEBUG\YULIANGCHBG.OBJ
E:\MODELS\_HSP_NEWROUTING_FOR NEW RNW FOR GDW\DEBUG\YULIANG.OBJ
E:\MODELS\_HSP_NEWROUTING_FOR NEW RNW FOR GDW\DEBUG\CPUUSAGECOUNT.OBJ
E:\MODELS\_HSP_NEWROUTING_FOR NEW RNW FOR GDW\DEBUG\COORTRANS.OBJ
E:\MODELS\_HSP_NEWROUTING_FOR NEW RNW FOR GDW\DEBUG\WATERINROCKSNOW.OBJ
E:\MODELS\_HSP_NEWROUTING_FOR NEW RNW FOR GDW\DEBUG\WATERBELOWCHANNEL.OBJ
E:\MODELS\_HSP_NEWROUTING_FOR NEW RNW FOR GDW\DEBUG\SAVESTATUS.OBJ
E:\MODELS\_HSP_NEWROUTING_FOR NEW RNW FOR GDW\DEBUG\AVPM.OBJ
E:\models\_hsp_NewRouting_for new RNW for GDW\Debug\AVPM.obj
E:\models\_hsp_NewRouting_for new RNW for GDW\Debug\CoorTrans.obj
E:\models\_hsp_NewRouting_for new RNW for GDW\Debug\CpuUsageCount.obj
E:\models\_hsp_NewRouting_for new RNW for GDW\Debug\Savestatus.obj
E:\models\_hsp_NewRouting_for new RNW for GDW\Debug\WaterBelowChannel.obj
E:\models\_hsp_NewRouting_for new RNW for GDW\Debug\WaterInRockSnow.obj
E:\models\_hsp_NewRouting_for new RNW for GDW\Debug\yuliang.obj
E:\models\_hsp_NewRouting_for new RNW for GDW\Debug\YuLiangChBG.obj
E:\models\_hsp_NewRouting_for new RNW for GDW\Debug\YuLiangCMORPH.obj
E:\models\_hsp_NewRouting_for new RNW for GDW\Debug\msado15.tli
E:\models\_hsp_NewRouting_for new RNW for GDW\Debug\msado15.tlh
E:\models\_hsp_NewRouting_for new RNW for GDW\Debug\cl.command.1.tlog
E:\models\_hsp_NewRouting_for new RNW for GDW\Debug\CL.read.1.tlog
E:\models\_hsp_NewRouting_for new RNW for GDW\Debug\CL.write.1.tlog
E:\models\_hsp_NewRouting_for new RNW for GDW\Debug\vc110.idb
E:\models\_hsp_NewRouting_for new RNW for GDW\Debug\vc110.pdb
